2025-05-02 01:20:07,485 INFO Scheduler queue before handling /job_store: []
2025-05-02 01:20:07,490 INFO [TIMING] /job_store → count=1 avg=4.97ms
2025-05-02 01:20:07,495 INFO Scheduler queue before handling /enqueue_op/userA: [(1, 'store', 'In Queue')]
2025-05-02 01:20:07,496 INFO [TIMING] /enqueue_op/userA → count=1 avg=0.92ms
2025-05-02 01:20:07,501 INFO Scheduler queue before handling /enqueue_op/userA: [(1, 'store', 'In Queue'), (2, 'compute', 'In Queue')]
2025-05-02 01:20:07,502 INFO [TIMING] /enqueue_op/userA → count=2 avg=0.87ms
2025-05-02 01:20:07,508 INFO Scheduler queue before handling /enqueue_op/userA: [(1, 'store', 'In Queue'), (2, 'compute', 'In Queue'), (3, 'compute_poll', 'In Queue')]
2025-05-02 01:20:07,510 INFO [TIMING] /enqueue_op/userA → count=3 avg=0.89ms
2025-05-02 01:20:07,515 INFO Opening socket to 192.168.0.50:8080
2025-05-02 01:20:07,516 INFO Scheduler queue before handling /enqueue_op/userA: [(4, 'fetch', 'In Queue'), (2, 'compute', 'In Queue'), (3, 'compute_poll', 'In Queue')]
2025-05-02 01:20:07,518 INFO [TIMING] /enqueue_op/userA → count=4 avg=1.02ms
2025-05-02 01:20:07,523 INFO Scheduler queue before handling /poll_op/userA: [(4, 'fetch', 'In Queue'), (2, 'compute', 'In Queue'), (3, 'compute_poll', 'In Queue'), (5, 'purge', 'In Queue')]
2025-05-02 01:20:07,525 INFO [TIMING] /poll_op/userA → count=1 avg=1.80ms
2025-05-02 01:20:07,530 INFO Scheduler queue before handling /poll_op/userA: [(4, 'fetch', 'In Queue'), (2, 'compute', 'In Queue'), (3, 'compute_poll', 'In Queue'), (5, 'purge', 'In Queue')]
2025-05-02 01:20:07,532 INFO [TIMING] /poll_op/userA → count=2 avg=1.42ms
2025-05-02 01:20:07,536 INFO Scheduler queue before handling /poll_op/userA: [(4, 'fetch', 'In Queue'), (2, 'compute', 'In Queue'), (3, 'compute_poll', 'In Queue'), (5, 'purge', 'In Queue')]
2025-05-02 01:20:07,537 INFO [TIMING] /poll_op/userA → count=3 avg=1.25ms
2025-05-02 01:20:07,541 INFO Scheduler queue before handling /poll_op/userA: [(4, 'fetch', 'In Queue'), (2, 'compute', 'In Queue'), (3, 'compute_poll', 'In Queue'), (5, 'purge', 'In Queue')]
2025-05-02 01:20:07,542 INFO [TIMING] /poll_op/userA → count=4 avg=1.11ms
2025-05-02 01:20:07,545 INFO Scheduler queue before handling /poll_op/userA: [(4, 'fetch', 'In Queue'), (2, 'compute', 'In Queue'), (3, 'compute_poll', 'In Queue'), (5, 'purge', 'In Queue')]
2025-05-02 01:20:07,546 INFO [TIMING] /poll_op/userA → count=5 avg=1.05ms
2025-05-02 01:20:07,680 INFO Scheduler queue before handling /job_store: [(4, 'fetch', 'In Queue'), (2, 'compute', 'In Queue'), (3, 'compute_poll', 'In Queue'), (5, 'purge', 'In Queue')]
2025-05-02 01:20:07,681 INFO [TIMING] /job_store → count=2 avg=3.23ms
2025-05-02 01:20:07,684 INFO Scheduler queue before handling /enqueue_op/userB: [(6, 'store', 'In Queue'), (4, 'fetch', 'In Queue'), (3, 'compute_poll', 'In Queue'), (5, 'purge', 'In Queue'), (2, 'compute', 'In Queue')]
2025-05-02 01:20:07,685 INFO [TIMING] /enqueue_op/userB → count=1 avg=0.51ms
2025-05-02 01:20:07,687 INFO Scheduler queue before handling /enqueue_op/userB: [(6, 'store', 'In Queue'), (4, 'fetch', 'In Queue'), (7, 'compute', 'In Queue'), (5, 'purge', 'In Queue'), (2, 'compute', 'In Queue'), (3, 'compute_poll', 'In Queue')]
2025-05-02 01:20:07,688 INFO [TIMING] /enqueue_op/userB → count=2 avg=0.46ms
2025-05-02 01:20:07,690 INFO Scheduler queue before handling /enqueue_op/userB: [(6, 'store', 'In Queue'), (4, 'fetch', 'In Queue'), (7, 'compute', 'In Queue'), (5, 'purge', 'In Queue'), (2, 'compute', 'In Queue'), (3, 'compute_poll', 'In Queue'), (8, 'compute_poll', 'In Queue')]
2025-05-02 01:20:07,691 INFO [TIMING] /enqueue_op/userB → count=3 avg=0.45ms
2025-05-02 01:20:07,693 INFO Scheduler queue before handling /enqueue_op/userB: [(6, 'store', 'In Queue'), (4, 'fetch', 'In Queue'), (7, 'compute', 'In Queue'), (9, 'fetch', 'In Queue'), (2, 'compute', 'In Queue'), (3, 'compute_poll', 'In Queue'), (8, 'compute_poll', 'In Queue'), (5, 'purge', 'In Queue')]
2025-05-02 01:20:07,694 INFO [TIMING] /enqueue_op/userB → count=4 avg=0.48ms
2025-05-02 01:20:07,697 INFO Scheduler queue before handling /poll_op/userB: [(6, 'store', 'In Queue'), (4, 'fetch', 'In Queue'), (7, 'compute', 'In Queue'), (9, 'fetch', 'In Queue'), (2, 'compute', 'In Queue'), (3, 'compute_poll', 'In Queue'), (8, 'compute_poll', 'In Queue'), (5, 'purge', 'In Queue'), (10, 'purge', 'In Queue')]
2025-05-02 01:20:07,698 INFO [TIMING] /poll_op/userB → count=1 avg=0.62ms
2025-05-02 01:20:07,701 INFO Scheduler queue before handling /poll_op/userB: [(6, 'store', 'In Queue'), (4, 'fetch', 'In Queue'), (7, 'compute', 'In Queue'), (9, 'fetch', 'In Queue'), (2, 'compute', 'In Queue'), (3, 'compute_poll', 'In Queue'), (8, 'compute_poll', 'In Queue'), (5, 'purge', 'In Queue'), (10, 'purge', 'In Queue')]
2025-05-02 01:20:07,701 INFO [TIMING] /poll_op/userB → count=2 avg=0.60ms
2025-05-02 01:20:07,705 INFO Scheduler queue before handling /poll_op/userB: [(6, 'store', 'In Queue'), (4, 'fetch', 'In Queue'), (7, 'compute', 'In Queue'), (9, 'fetch', 'In Queue'), (2, 'compute', 'In Queue'), (3, 'compute_poll', 'In Queue'), (8, 'compute_poll', 'In Queue'), (5, 'purge', 'In Queue'), (10, 'purge', 'In Queue')]
2025-05-02 01:20:07,707 INFO [TIMING] /poll_op/userB → count=3 avg=0.80ms
2025-05-02 01:20:07,711 INFO Scheduler queue before handling /poll_op/userB: [(6, 'store', 'In Queue'), (4, 'fetch', 'In Queue'), (7, 'compute', 'In Queue'), (9, 'fetch', 'In Queue'), (2, 'compute', 'In Queue'), (3, 'compute_poll', 'In Queue'), (8, 'compute_poll', 'In Queue'), (5, 'purge', 'In Queue'), (10, 'purge', 'In Queue')]
2025-05-02 01:20:07,712 INFO [TIMING] /poll_op/userB → count=4 avg=0.83ms
2025-05-02 01:20:07,716 INFO Scheduler queue before handling /poll_op/userB: [(6, 'store', 'In Queue'), (4, 'fetch', 'In Queue'), (7, 'compute', 'In Queue'), (9, 'fetch', 'In Queue'), (2, 'compute', 'In Queue'), (3, 'compute_poll', 'In Queue'), (8, 'compute_poll', 'In Queue'), (5, 'purge', 'In Queue'), (10, 'purge', 'In Queue')]
2025-05-02 01:20:07,717 INFO [TIMING] /poll_op/userB → count=5 avg=0.80ms
2025-05-02 01:20:08,052 INFO Scheduler queue before handling /poll_op/userA: [(6, 'store', 'In Queue'), (4, 'fetch', 'In Queue'), (7, 'compute', 'In Queue'), (9, 'fetch', 'In Queue'), (2, 'compute', 'In Queue'), (3, 'compute_poll', 'In Queue'), (8, 'compute_poll', 'In Queue'), (5, 'purge', 'In Queue'), (10, 'purge', 'In Queue')]
2025-05-02 01:20:08,053 INFO [TIMING] /poll_op/userA → count=6 avg=0.99ms
2025-05-02 01:20:08,056 INFO Scheduler queue before handling /poll_op/userA: [(6, 'store', 'In Queue'), (4, 'fetch', 'In Queue'), (7, 'compute', 'In Queue'), (9, 'fetch', 'In Queue'), (2, 'compute', 'In Queue'), (3, 'compute_poll', 'In Queue'), (8, 'compute_poll', 'In Queue'), (5, 'purge', 'In Queue'), (10, 'purge', 'In Queue')]
2025-05-02 01:20:08,056 INFO [TIMING] /poll_op/userA → count=7 avg=0.91ms
2025-05-02 01:20:08,058 INFO Scheduler queue before handling /poll_op/userA: [(6, 'store', 'In Queue'), (4, 'fetch', 'In Queue'), (7, 'compute', 'In Queue'), (9, 'fetch', 'In Queue'), (2, 'compute', 'In Queue'), (3, 'compute_poll', 'In Queue'), (8, 'compute_poll', 'In Queue'), (5, 'purge', 'In Queue'), (10, 'purge', 'In Queue')]
2025-05-02 01:20:08,059 INFO [TIMING] /poll_op/userA → count=8 avg=0.87ms
2025-05-02 01:20:08,061 INFO Scheduler queue before handling /poll_op/userA: [(6, 'store', 'In Queue'), (4, 'fetch', 'In Queue'), (7, 'compute', 'In Queue'), (9, 'fetch', 'In Queue'), (2, 'compute', 'In Queue'), (3, 'compute_poll', 'In Queue'), (8, 'compute_poll', 'In Queue'), (5, 'purge', 'In Queue'), (10, 'purge', 'In Queue')]
2025-05-02 01:20:08,062 INFO [TIMING] /poll_op/userA → count=9 avg=0.81ms
2025-05-02 01:20:08,064 INFO Scheduler queue before handling /poll_op/userA: [(6, 'store', 'In Queue'), (4, 'fetch', 'In Queue'), (7, 'compute', 'In Queue'), (9, 'fetch', 'In Queue'), (2, 'compute', 'In Queue'), (3, 'compute_poll', 'In Queue'), (8, 'compute_poll', 'In Queue'), (5, 'purge', 'In Queue'), (10, 'purge', 'In Queue')]
2025-05-02 01:20:08,065 INFO [TIMING] /poll_op/userA → count=10 avg=0.78ms
2025-05-02 01:20:08,222 INFO Scheduler queue before handling /poll_op/userB: [(6, 'store', 'In Queue'), (4, 'fetch', 'In Queue'), (7, 'compute', 'In Queue'), (9, 'fetch', 'In Queue'), (2, 'compute', 'In Queue'), (3, 'compute_poll', 'In Queue'), (8, 'compute_poll', 'In Queue'), (5, 'purge', 'In Queue'), (10, 'purge', 'In Queue')]
2025-05-02 01:20:08,223 INFO [TIMING] /poll_op/userB → count=6 avg=0.80ms
2025-05-02 01:20:08,226 INFO Scheduler queue before handling /poll_op/userB: [(6, 'store', 'In Queue'), (4, 'fetch', 'In Queue'), (7, 'compute', 'In Queue'), (9, 'fetch', 'In Queue'), (2, 'compute', 'In Queue'), (3, 'compute_poll', 'In Queue'), (8, 'compute_poll', 'In Queue'), (5, 'purge', 'In Queue'), (10, 'purge', 'In Queue')]
2025-05-02 01:20:08,227 INFO [TIMING] /poll_op/userB → count=7 avg=0.78ms
2025-05-02 01:20:08,230 INFO Scheduler queue before handling /poll_op/userB: [(6, 'store', 'In Queue'), (4, 'fetch', 'In Queue'), (7, 'compute', 'In Queue'), (9, 'fetch', 'In Queue'), (2, 'compute', 'In Queue'), (3, 'compute_poll', 'In Queue'), (8, 'compute_poll', 'In Queue'), (5, 'purge', 'In Queue'), (10, 'purge', 'In Queue')]
2025-05-02 01:20:08,231 INFO [TIMING] /poll_op/userB → count=8 avg=0.77ms
2025-05-02 01:20:08,236 INFO Scheduler queue before handling /poll_op/userB: [(6, 'store', 'In Queue'), (4, 'fetch', 'In Queue'), (7, 'compute', 'In Queue'), (9, 'fetch', 'In Queue'), (2, 'compute', 'In Queue'), (3, 'compute_poll', 'In Queue'), (8, 'compute_poll', 'In Queue'), (5, 'purge', 'In Queue'), (10, 'purge', 'In Queue')]
2025-05-02 01:20:08,237 INFO [TIMING] /poll_op/userB → count=9 avg=0.79ms
2025-05-02 01:20:08,245 INFO Scheduler queue before handling /poll_op/userB: [(6, 'store', 'In Queue'), (4, 'fetch', 'In Queue'), (7, 'compute', 'In Queue'), (9, 'fetch', 'In Queue'), (2, 'compute', 'In Queue'), (3, 'compute_poll', 'In Queue'), (8, 'compute_poll', 'In Queue'), (5, 'purge', 'In Queue'), (10, 'purge', 'In Queue')]
2025-05-02 01:20:08,246 INFO [TIMING] /poll_op/userB → count=10 avg=0.81ms
2025-05-02 01:20:08,570 INFO Scheduler queue before handling /poll_op/userA: [(6, 'store', 'In Queue'), (4, 'fetch', 'In Queue'), (7, 'compute', 'In Queue'), (9, 'fetch', 'In Queue'), (2, 'compute', 'In Queue'), (3, 'compute_poll', 'In Queue'), (8, 'compute_poll', 'In Queue'), (5, 'purge', 'In Queue'), (10, 'purge', 'In Queue')]
2025-05-02 01:20:08,571 INFO [TIMING] /poll_op/userA → count=11 avg=0.77ms
2025-05-02 01:20:08,573 INFO Scheduler queue before handling /poll_op/userA: [(6, 'store', 'In Queue'), (4, 'fetch', 'In Queue'), (7, 'compute', 'In Queue'), (9, 'fetch', 'In Queue'), (2, 'compute', 'In Queue'), (3, 'compute_poll', 'In Queue'), (8, 'compute_poll', 'In Queue'), (5, 'purge', 'In Queue'), (10, 'purge', 'In Queue')]
2025-05-02 01:20:08,574 INFO [TIMING] /poll_op/userA → count=12 avg=0.74ms
2025-05-02 01:20:08,576 INFO Scheduler queue before handling /poll_op/userA: [(6, 'store', 'In Queue'), (4, 'fetch', 'In Queue'), (7, 'compute', 'In Queue'), (9, 'fetch', 'In Queue'), (2, 'compute', 'In Queue'), (3, 'compute_poll', 'In Queue'), (8, 'compute_poll', 'In Queue'), (5, 'purge', 'In Queue'), (10, 'purge', 'In Queue')]
2025-05-02 01:20:08,577 INFO [TIMING] /poll_op/userA → count=13 avg=0.75ms
2025-05-02 01:20:08,579 INFO Scheduler queue before handling /poll_op/userA: [(6, 'store', 'In Queue'), (4, 'fetch', 'In Queue'), (7, 'compute', 'In Queue'), (9, 'fetch', 'In Queue'), (2, 'compute', 'In Queue'), (3, 'compute_poll', 'In Queue'), (8, 'compute_poll', 'In Queue'), (5, 'purge', 'In Queue'), (10, 'purge', 'In Queue')]
2025-05-02 01:20:08,580 INFO [TIMING] /poll_op/userA → count=14 avg=0.72ms
2025-05-02 01:20:08,582 INFO Scheduler queue before handling /poll_op/userA: [(6, 'store', 'In Queue'), (4, 'fetch', 'In Queue'), (7, 'compute', 'In Queue'), (9, 'fetch', 'In Queue'), (2, 'compute', 'In Queue'), (3, 'compute_poll', 'In Queue'), (8, 'compute_poll', 'In Queue'), (5, 'purge', 'In Queue'), (10, 'purge', 'In Queue')]
2025-05-02 01:20:08,583 INFO [TIMING] /poll_op/userA → count=15 avg=0.71ms
2025-05-02 01:20:08,752 INFO Scheduler queue before handling /poll_op/userB: [(6, 'store', 'In Queue'), (4, 'fetch', 'In Queue'), (7, 'compute', 'In Queue'), (9, 'fetch', 'In Queue'), (2, 'compute', 'In Queue'), (3, 'compute_poll', 'In Queue'), (8, 'compute_poll', 'In Queue'), (5, 'purge', 'In Queue'), (10, 'purge', 'In Queue')]
2025-05-02 01:20:08,753 INFO [TIMING] /poll_op/userB → count=11 avg=0.81ms
2025-05-02 01:20:08,756 INFO Scheduler queue before handling /poll_op/userB: [(6, 'store', 'In Queue'), (4, 'fetch', 'In Queue'), (7, 'compute', 'In Queue'), (9, 'fetch', 'In Queue'), (2, 'compute', 'In Queue'), (3, 'compute_poll', 'In Queue'), (8, 'compute_poll', 'In Queue'), (5, 'purge', 'In Queue'), (10, 'purge', 'In Queue')]
2025-05-02 01:20:08,757 INFO [TIMING] /poll_op/userB → count=12 avg=0.80ms
2025-05-02 01:20:08,760 INFO Scheduler queue before handling /poll_op/userB: [(6, 'store', 'In Queue'), (4, 'fetch', 'In Queue'), (7, 'compute', 'In Queue'), (9, 'fetch', 'In Queue'), (2, 'compute', 'In Queue'), (3, 'compute_poll', 'In Queue'), (8, 'compute_poll', 'In Queue'), (5, 'purge', 'In Queue'), (10, 'purge', 'In Queue')]
2025-05-02 01:20:08,761 INFO [TIMING] /poll_op/userB → count=13 avg=0.78ms
2025-05-02 01:20:08,764 INFO Scheduler queue before handling /poll_op/userB: [(6, 'store', 'In Queue'), (4, 'fetch', 'In Queue'), (7, 'compute', 'In Queue'), (9, 'fetch', 'In Queue'), (2, 'compute', 'In Queue'), (3, 'compute_poll', 'In Queue'), (8, 'compute_poll', 'In Queue'), (5, 'purge', 'In Queue'), (10, 'purge', 'In Queue')]
2025-05-02 01:20:08,764 INFO [TIMING] /poll_op/userB → count=14 avg=0.75ms
2025-05-02 01:20:08,769 INFO Scheduler queue before handling /poll_op/userB: [(6, 'store', 'In Queue'), (4, 'fetch', 'In Queue'), (7, 'compute', 'In Queue'), (9, 'fetch', 'In Queue'), (2, 'compute', 'In Queue'), (3, 'compute_poll', 'In Queue'), (8, 'compute_poll', 'In Queue'), (5, 'purge', 'In Queue'), (10, 'purge', 'In Queue')]
2025-05-02 01:20:08,769 INFO [TIMING] /poll_op/userB → count=15 avg=0.75ms
2025-05-02 01:20:09,088 INFO Scheduler queue before handling /poll_op/userA: [(6, 'store', 'In Queue'), (4, 'fetch', 'In Queue'), (7, 'compute', 'In Queue'), (9, 'fetch', 'In Queue'), (2, 'compute', 'In Queue'), (3, 'compute_poll', 'In Queue'), (8, 'compute_poll', 'In Queue'), (5, 'purge', 'In Queue'), (10, 'purge', 'In Queue')]
2025-05-02 01:20:09,089 INFO [TIMING] /poll_op/userA → count=16 avg=0.70ms
2025-05-02 01:20:09,091 INFO Scheduler queue before handling /poll_op/userA: [(6, 'store', 'In Queue'), (4, 'fetch', 'In Queue'), (7, 'compute', 'In Queue'), (9, 'fetch', 'In Queue'), (2, 'compute', 'In Queue'), (3, 'compute_poll', 'In Queue'), (8, 'compute_poll', 'In Queue'), (5, 'purge', 'In Queue'), (10, 'purge', 'In Queue')]
2025-05-02 01:20:09,092 INFO [TIMING] /poll_op/userA → count=17 avg=0.70ms
2025-05-02 01:20:09,095 INFO Scheduler queue before handling /poll_op/userA: [(6, 'store', 'In Queue'), (4, 'fetch', 'In Queue'), (7, 'compute', 'In Queue'), (9, 'fetch', 'In Queue'), (2, 'compute', 'In Queue'), (3, 'compute_poll', 'In Queue'), (8, 'compute_poll', 'In Queue'), (5, 'purge', 'In Queue'), (10, 'purge', 'In Queue')]
2025-05-02 01:20:09,095 INFO [TIMING] /poll_op/userA → count=18 avg=0.68ms
2025-05-02 01:20:09,097 INFO Scheduler queue before handling /poll_op/userA: [(6, 'store', 'In Queue'), (4, 'fetch', 'In Queue'), (7, 'compute', 'In Queue'), (9, 'fetch', 'In Queue'), (2, 'compute', 'In Queue'), (3, 'compute_poll', 'In Queue'), (8, 'compute_poll', 'In Queue'), (5, 'purge', 'In Queue'), (10, 'purge', 'In Queue')]
2025-05-02 01:20:09,098 INFO [TIMING] /poll_op/userA → count=19 avg=0.67ms
2025-05-02 01:20:09,101 INFO Scheduler queue before handling /poll_op/userA: [(6, 'store', 'In Queue'), (4, 'fetch', 'In Queue'), (7, 'compute', 'In Queue'), (9, 'fetch', 'In Queue'), (2, 'compute', 'In Queue'), (3, 'compute_poll', 'In Queue'), (8, 'compute_poll', 'In Queue'), (5, 'purge', 'In Queue'), (10, 'purge', 'In Queue')]
2025-05-02 01:20:09,101 INFO [TIMING] /poll_op/userA → count=20 avg=0.66ms
2025-05-02 01:20:09,274 INFO Scheduler queue before handling /poll_op/userB: [(6, 'store', 'In Queue'), (4, 'fetch', 'In Queue'), (7, 'compute', 'In Queue'), (9, 'fetch', 'In Queue'), (2, 'compute', 'In Queue'), (3, 'compute_poll', 'In Queue'), (8, 'compute_poll', 'In Queue'), (5, 'purge', 'In Queue'), (10, 'purge', 'In Queue')]
2025-05-02 01:20:09,275 INFO [TIMING] /poll_op/userB → count=16 avg=0.74ms
2025-05-02 01:20:09,278 INFO Scheduler queue before handling /poll_op/userB: [(6, 'store', 'In Queue'), (4, 'fetch', 'In Queue'), (7, 'compute', 'In Queue'), (9, 'fetch', 'In Queue'), (2, 'compute', 'In Queue'), (3, 'compute_poll', 'In Queue'), (8, 'compute_poll', 'In Queue'), (5, 'purge', 'In Queue'), (10, 'purge', 'In Queue')]
2025-05-02 01:20:09,278 INFO [TIMING] /poll_op/userB → count=17 avg=0.72ms
2025-05-02 01:20:09,281 INFO Scheduler queue before handling /poll_op/userB: [(6, 'store', 'In Queue'), (4, 'fetch', 'In Queue'), (7, 'compute', 'In Queue'), (9, 'fetch', 'In Queue'), (2, 'compute', 'In Queue'), (3, 'compute_poll', 'In Queue'), (8, 'compute_poll', 'In Queue'), (5, 'purge', 'In Queue'), (10, 'purge', 'In Queue')]
2025-05-02 01:20:09,281 INFO [TIMING] /poll_op/userB → count=18 avg=0.72ms
2025-05-02 01:20:09,284 INFO Scheduler queue before handling /poll_op/userB: [(6, 'store', 'In Queue'), (4, 'fetch', 'In Queue'), (7, 'compute', 'In Queue'), (9, 'fetch', 'In Queue'), (2, 'compute', 'In Queue'), (3, 'compute_poll', 'In Queue'), (8, 'compute_poll', 'In Queue'), (5, 'purge', 'In Queue'), (10, 'purge', 'In Queue')]
2025-05-02 01:20:09,285 INFO [TIMING] /poll_op/userB → count=19 avg=0.71ms
2025-05-02 01:20:09,287 INFO Scheduler queue before handling /poll_op/userB: [(6, 'store', 'In Queue'), (4, 'fetch', 'In Queue'), (7, 'compute', 'In Queue'), (9, 'fetch', 'In Queue'), (2, 'compute', 'In Queue'), (3, 'compute_poll', 'In Queue'), (8, 'compute_poll', 'In Queue'), (5, 'purge', 'In Queue'), (10, 'purge', 'In Queue')]
2025-05-02 01:20:09,288 INFO [TIMING] /poll_op/userB → count=20 avg=0.70ms
2025-05-02 01:20:09,607 INFO Scheduler queue before handling /poll_op/userA: [(6, 'store', 'In Queue'), (4, 'fetch', 'In Queue'), (7, 'compute', 'In Queue'), (9, 'fetch', 'In Queue'), (2, 'compute', 'In Queue'), (3, 'compute_poll', 'In Queue'), (8, 'compute_poll', 'In Queue'), (5, 'purge', 'In Queue'), (10, 'purge', 'In Queue')]
2025-05-02 01:20:09,608 INFO [TIMING] /poll_op/userA → count=21 avg=0.67ms
2025-05-02 01:20:09,611 INFO Scheduler queue before handling /poll_op/userA: [(6, 'store', 'In Queue'), (4, 'fetch', 'In Queue'), (7, 'compute', 'In Queue'), (9, 'fetch', 'In Queue'), (2, 'compute', 'In Queue'), (3, 'compute_poll', 'In Queue'), (8, 'compute_poll', 'In Queue'), (5, 'purge', 'In Queue'), (10, 'purge', 'In Queue')]
2025-05-02 01:20:09,612 INFO [TIMING] /poll_op/userA → count=22 avg=0.66ms
2025-05-02 01:20:09,614 INFO Scheduler queue before handling /poll_op/userA: [(6, 'store', 'In Queue'), (4, 'fetch', 'In Queue'), (7, 'compute', 'In Queue'), (9, 'fetch', 'In Queue'), (2, 'compute', 'In Queue'), (3, 'compute_poll', 'In Queue'), (8, 'compute_poll', 'In Queue'), (5, 'purge', 'In Queue'), (10, 'purge', 'In Queue')]
2025-05-02 01:20:09,615 INFO [TIMING] /poll_op/userA → count=23 avg=0.65ms
2025-05-02 01:20:09,618 INFO Scheduler queue before handling /poll_op/userA: [(6, 'store', 'In Queue'), (4, 'fetch', 'In Queue'), (7, 'compute', 'In Queue'), (9, 'fetch', 'In Queue'), (2, 'compute', 'In Queue'), (3, 'compute_poll', 'In Queue'), (8, 'compute_poll', 'In Queue'), (5, 'purge', 'In Queue'), (10, 'purge', 'In Queue')]
2025-05-02 01:20:09,618 INFO [TIMING] /poll_op/userA → count=24 avg=0.65ms
2025-05-02 01:20:09,622 INFO Scheduler queue before handling /poll_op/userA: [(6, 'store', 'In Queue'), (4, 'fetch', 'In Queue'), (7, 'compute', 'In Queue'), (9, 'fetch', 'In Queue'), (2, 'compute', 'In Queue'), (3, 'compute_poll', 'In Queue'), (8, 'compute_poll', 'In Queue'), (5, 'purge', 'In Queue'), (10, 'purge', 'In Queue')]
2025-05-02 01:20:09,623 INFO [TIMING] /poll_op/userA → count=25 avg=0.66ms
2025-05-02 01:20:09,792 INFO Scheduler queue before handling /poll_op/userB: [(6, 'store', 'In Queue'), (4, 'fetch', 'In Queue'), (7, 'compute', 'In Queue'), (9, 'fetch', 'In Queue'), (2, 'compute', 'In Queue'), (3, 'compute_poll', 'In Queue'), (8, 'compute_poll', 'In Queue'), (5, 'purge', 'In Queue'), (10, 'purge', 'In Queue')]
2025-05-02 01:20:09,793 INFO [TIMING] /poll_op/userB → count=21 avg=0.70ms
2025-05-02 01:20:09,796 INFO Scheduler queue before handling /poll_op/userB: [(6, 'store', 'In Queue'), (4, 'fetch', 'In Queue'), (7, 'compute', 'In Queue'), (9, 'fetch', 'In Queue'), (2, 'compute', 'In Queue'), (3, 'compute_poll', 'In Queue'), (8, 'compute_poll', 'In Queue'), (5, 'purge', 'In Queue'), (10, 'purge', 'In Queue')]
2025-05-02 01:20:09,797 INFO [TIMING] /poll_op/userB → count=22 avg=0.70ms
2025-05-02 01:20:09,800 INFO Scheduler queue before handling /poll_op/userB: [(6, 'store', 'In Queue'), (4, 'fetch', 'In Queue'), (7, 'compute', 'In Queue'), (9, 'fetch', 'In Queue'), (2, 'compute', 'In Queue'), (3, 'compute_poll', 'In Queue'), (8, 'compute_poll', 'In Queue'), (5, 'purge', 'In Queue'), (10, 'purge', 'In Queue')]
2025-05-02 01:20:09,801 INFO [TIMING] /poll_op/userB → count=23 avg=0.69ms
2025-05-02 01:20:09,804 INFO Scheduler queue before handling /poll_op/userB: [(6, 'store', 'In Queue'), (4, 'fetch', 'In Queue'), (7, 'compute', 'In Queue'), (9, 'fetch', 'In Queue'), (2, 'compute', 'In Queue'), (3, 'compute_poll', 'In Queue'), (8, 'compute_poll', 'In Queue'), (5, 'purge', 'In Queue'), (10, 'purge', 'In Queue')]
2025-05-02 01:20:09,805 INFO [TIMING] /poll_op/userB → count=24 avg=0.69ms
2025-05-02 01:20:09,809 INFO Scheduler queue before handling /poll_op/userB: [(6, 'store', 'In Queue'), (4, 'fetch', 'In Queue'), (7, 'compute', 'In Queue'), (9, 'fetch', 'In Queue'), (2, 'compute', 'In Queue'), (3, 'compute_poll', 'In Queue'), (8, 'compute_poll', 'In Queue'), (5, 'purge', 'In Queue'), (10, 'purge', 'In Queue')]
2025-05-02 01:20:09,811 INFO [TIMING] /poll_op/userB → count=25 avg=0.75ms
2025-05-02 01:20:10,129 INFO Scheduler queue before handling /poll_op/userA: [(6, 'store', 'In Queue'), (4, 'fetch', 'In Queue'), (7, 'compute', 'In Queue'), (9, 'fetch', 'In Queue'), (2, 'compute', 'In Queue'), (3, 'compute_poll', 'In Queue'), (8, 'compute_poll', 'In Queue'), (5, 'purge', 'In Queue'), (10, 'purge', 'In Queue')]
2025-05-02 01:20:10,130 INFO [TIMING] /poll_op/userA → count=26 avg=0.66ms
2025-05-02 01:20:10,134 INFO Scheduler queue before handling /poll_op/userA: [(6, 'store', 'In Queue'), (4, 'fetch', 'In Queue'), (7, 'compute', 'In Queue'), (9, 'fetch', 'In Queue'), (2, 'compute', 'In Queue'), (3, 'compute_poll', 'In Queue'), (8, 'compute_poll', 'In Queue'), (5, 'purge', 'In Queue'), (10, 'purge', 'In Queue')]
2025-05-02 01:20:10,135 INFO [TIMING] /poll_op/userA → count=27 avg=0.66ms
2025-05-02 01:20:10,139 INFO Scheduler queue before handling /poll_op/userA: [(6, 'store', 'In Queue'), (4, 'fetch', 'In Queue'), (7, 'compute', 'In Queue'), (9, 'fetch', 'In Queue'), (2, 'compute', 'In Queue'), (3, 'compute_poll', 'In Queue'), (8, 'compute_poll', 'In Queue'), (5, 'purge', 'In Queue'), (10, 'purge', 'In Queue')]
2025-05-02 01:20:10,140 INFO [TIMING] /poll_op/userA → count=28 avg=0.66ms
2025-05-02 01:20:10,145 INFO Scheduler queue before handling /poll_op/userA: [(6, 'store', 'In Queue'), (4, 'fetch', 'In Queue'), (7, 'compute', 'In Queue'), (9, 'fetch', 'In Queue'), (2, 'compute', 'In Queue'), (3, 'compute_poll', 'In Queue'), (8, 'compute_poll', 'In Queue'), (5, 'purge', 'In Queue'), (10, 'purge', 'In Queue')]
2025-05-02 01:20:10,146 INFO [TIMING] /poll_op/userA → count=29 avg=0.66ms
2025-05-02 01:20:10,149 INFO Scheduler queue before handling /poll_op/userA: [(6, 'store', 'In Queue'), (4, 'fetch', 'In Queue'), (7, 'compute', 'In Queue'), (9, 'fetch', 'In Queue'), (2, 'compute', 'In Queue'), (3, 'compute_poll', 'In Queue'), (8, 'compute_poll', 'In Queue'), (5, 'purge', 'In Queue'), (10, 'purge', 'In Queue')]
2025-05-02 01:20:10,151 INFO [TIMING] /poll_op/userA → count=30 avg=0.67ms
2025-05-02 01:20:10,317 INFO Scheduler queue before handling /poll_op/userB: [(6, 'store', 'In Queue'), (4, 'fetch', 'In Queue'), (7, 'compute', 'In Queue'), (9, 'fetch', 'In Queue'), (2, 'compute', 'In Queue'), (3, 'compute_poll', 'In Queue'), (8, 'compute_poll', 'In Queue'), (5, 'purge', 'In Queue'), (10, 'purge', 'In Queue')]
2025-05-02 01:20:10,318 INFO [TIMING] /poll_op/userB → count=26 avg=0.74ms
2025-05-02 01:20:10,324 INFO Scheduler queue before handling /poll_op/userB: [(6, 'store', 'In Queue'), (4, 'fetch', 'In Queue'), (7, 'compute', 'In Queue'), (9, 'fetch', 'In Queue'), (2, 'compute', 'In Queue'), (3, 'compute_poll', 'In Queue'), (8, 'compute_poll', 'In Queue'), (5, 'purge', 'In Queue'), (10, 'purge', 'In Queue')]
2025-05-02 01:20:10,325 INFO [TIMING] /poll_op/userB → count=27 avg=0.75ms
