2025-04-28 01:54:09,300 INFO Starting training for subset=dogs, backbone=mobilenet_v2
2025-04-28 01:54:09,863 INFO Model: "mobilenet_v2_subset"
┏━━━━━━━━━━━━━━━━━━━━━━━━━━━━━━━━━━━━━━┳━━━━━━━━━━━━━━━━━━━━━━━━━━━━━┳━━━━━━━━━━━━━━━━━┓
┃ Layer (type)                         ┃ Output Shape                ┃         Param # ┃
┡━━━━━━━━━━━━━━━━━━━━━━━━━━━━━━━━━━━━━━╇━━━━━━━━━━━━━━━━━━━━━━━━━━━━━╇━━━━━━━━━━━━━━━━━┩
│ input_layer_4 (InputLayer)           │ (None, 224, 224, 3)         │               0 │
├──────────────────────────────────────┼─────────────────────────────┼─────────────────┤
│ mobilenetv2_0.35_224 (Functional)    │ (None, 1280)                │         410,208 │
├──────────────────────────────────────┼─────────────────────────────┼─────────────────┤
│ dropout_1 (Dropout)                  │ (None, 1280)                │               0 │
├──────────────────────────────────────┼─────────────────────────────┼─────────────────┤
│ dense_1 (Dense)                      │ (None, 5)                   │           6,405 │
└──────────────────────────────────────┴─────────────────────────────┴─────────────────┘
 Total params: 416,613 (1.59 MB)
 Trainable params: 6,405 (25.02 KB)
 Non-trainable params: 410,208 (1.56 MB)

2025-04-28 01:54:09,864 INFO Phase 1: training head for 25 epochs
2025-04-28 01:57:00,371 INFO Phase 2: fine-tuning backbone
2025-04-28 02:00:28,238 INFO ✅ Training complete. Model saved to: /home/araviki/workbench/boilernet/model_train/models/dogs_mobilenet_v2_final.keras
2025-04-28 02:00:28,326 INFO Accuracy plot saved to: /home/araviki/workbench/boilernet/model_train/models/dogs_mobilenet_v2_accuracy.png
2025-04-28 02:00:28,401 INFO Loss plot saved to: /home/araviki/workbench/boilernet/model_train/models/dogs_mobilenet_v2_loss.png
