2025-04-28 02:13:23,028 INFO Starting training for subset=stationary, backbone=mobilenet_v2
2025-04-28 02:13:23,610 INFO Model: "mobilenet_v2_subset"
┏━━━━━━━━━━━━━━━━━━━━━━━━━━━━━━━━━━━━━━┳━━━━━━━━━━━━━━━━━━━━━━━━━━━━━┳━━━━━━━━━━━━━━━━━┓
┃ Layer (type)                         ┃ Output Shape                ┃         Param # ┃
┡━━━━━━━━━━━━━━━━━━━━━━━━━━━━━━━━━━━━━━╇━━━━━━━━━━━━━━━━━━━━━━━━━━━━━╇━━━━━━━━━━━━━━━━━┩
│ input_layer_13 (InputLayer)          │ (None, 224, 224, 3)         │               0 │
├──────────────────────────────────────┼─────────────────────────────┼─────────────────┤
│ mobilenetv2_0.35_224 (Functional)    │ (None, 1280)                │         410,208 │
├──────────────────────────────────────┼─────────────────────────────┼─────────────────┤
│ dropout_4 (Dropout)                  │ (None, 1280)                │               0 │
├──────────────────────────────────────┼─────────────────────────────┼─────────────────┤
│ dense_4 (Dense)                      │ (None, 5)                   │           6,405 │
└──────────────────────────────────────┴─────────────────────────────┴─────────────────┘
 Total params: 416,613 (1.59 MB)
 Trainable params: 6,405 (25.02 KB)
 Non-trainable params: 410,208 (1.56 MB)

2025-04-28 02:13:23,610 INFO Phase 1: training head for 25 epochs
2025-04-28 02:16:37,023 INFO Phase 2: fine-tuning backbone
2025-04-28 02:22:02,958 INFO ✅ Training complete. Model saved to: /home/araviki/workbench/boilernet/model_train/models/stationary_mobilenet_v2_final.keras
2025-04-28 02:22:03,095 INFO Accuracy plot saved to: /home/araviki/workbench/boilernet/model_train/models/stationary_mobilenet_v2_accuracy.png
2025-04-28 02:22:03,193 INFO Loss plot saved to: /home/araviki/workbench/boilernet/model_train/models/stationary_mobilenet_v2_loss.png
